<?xml version="1.0" encoding="UTF-8"?>
<testng-results ignored="0" total="2" passed="1" failed="1" skipped="0">
  <reporter-output>
    <line>
      <![CDATA[Login to store]]>
    </line>
    <line>
      <![CDATA[Check is logged]]>
    </line>
    <line>
      <![CDATA[Check About us]]>
    </line>
    <line>
      <![CDATA[Set Username]]>
    </line>
    <line>
      <![CDATA[Set Password]]>
    </line>
    <line>
      <![CDATA[Click on Labtops]]>
    </line>
    <line>
      <![CDATA[Find Dell device]]>
    </line>
    <line>
      <![CDATA[Go to chart]]>
    </line>
    <line>
      <![CDATA[Log Out]]>
    </line>
    <line>
      <![CDATA[Verify Log Out]]>
    </line>
  </reporter-output>
  <suite started-at="2024-02-04T17:59:01 CET" name="Suite" finished-at="2024-02-04T17:59:51 CET" duration-ms="49429">
    <groups>
    </groups>
    <test started-at="2024-02-04T17:59:01 CET" name="A_Tests One" finished-at="2024-02-04T17:59:29 CET" duration-ms="28075">
      <class name="android.BlazeLoginTest">
        <test-method is-config="true" signature="setup()[pri:0, instance:android.BlazeLoginTest@3c7f66c4]" started-at="2024-02-04T17:59:01 CET" name="setup" finished-at="2024-02-04T17:59:01 CET" duration-ms="13" status="PASS">
          <reporter-output>
          </reporter-output>
        </test-method> <!-- setup -->
        <test-method signature="test_Login_And_Verify()[pri:0, instance:android.BlazeLoginTest@3c7f66c4]" started-at="2024-02-04T17:59:01 CET" name="test_Login_And_Verify" finished-at="2024-02-04T17:59:29 CET" duration-ms="27943" status="FAIL">
          <exception class="org.openqa.selenium.TimeoutException">
            <message>
              <![CDATA[Expected condition failed: waiting for visibility of element located by By.xpath: //*[@id="videoModal"]/div/div/div[3]/button (tried for 10 second(s) with 500 milliseconds interval)]]>
            </message>
            <full-stacktrace>
              <![CDATA[org.openqa.selenium.TimeoutException: Expected condition failed: waiting for visibility of element located by By.xpath: //*[@id="videoModal"]/div/div/div[3]/button (tried for 10 second(s) with 500 milliseconds interval)
at org.openqa.selenium.support.ui.WebDriverWait.timeoutException(WebDriverWait.java:95)
at org.openqa.selenium.support.ui.FluentWait.until(FluentWait.java:272)
at Pages.BlazeLogin.checkAboutUs(BlazeLogin.java:246)
at android.BlazeLoginTest.test_Login_And_Verify(BlazeLoginTest.java:56)
at java.base/jdk.internal.reflect.DirectMethodHandleAccessor.invoke(DirectMethodHandleAccessor.java:104)
at java.base/java.lang.reflect.Method.invoke(Method.java:578)
at org.testng.internal.MethodInvocationHelper.invokeMethod(MethodInvocationHelper.java:133)
at org.testng.internal.TestInvoker.invokeMethod(TestInvoker.java:584)
at org.testng.internal.TestInvoker.invokeTestMethod(TestInvoker.java:172)
at org.testng.internal.MethodRunner.runInSequence(MethodRunner.java:46)
at org.testng.internal.TestInvoker$MethodInvocationAgent.invoke(TestInvoker.java:804)
at org.testng.internal.TestInvoker.invokeTestMethods(TestInvoker.java:145)
at org.testng.internal.TestMethodWorker.invokeTestMethods(TestMethodWorker.java:146)
at org.testng.internal.TestMethodWorker.run(TestMethodWorker.java:128)
at java.base/java.util.ArrayList.forEach(ArrayList.java:1511)
at org.testng.TestRunner.privateRun(TestRunner.java:770)
at org.testng.TestRunner.run(TestRunner.java:591)
at org.testng.SuiteRunner.runTest(SuiteRunner.java:402)
at org.testng.SuiteRunner.runSequentially(SuiteRunner.java:396)
at org.testng.SuiteRunner.privateRun(SuiteRunner.java:355)
at org.testng.SuiteRunner.run(SuiteRunner.java:304)
at org.testng.SuiteRunnerWorker.runSuite(SuiteRunnerWorker.java:53)
at org.testng.SuiteRunnerWorker.run(SuiteRunnerWorker.java:96)
at org.testng.TestNG.runSuitesSequentially(TestNG.java:1180)
at org.testng.TestNG.runSuitesLocally(TestNG.java:1102)
at org.testng.TestNG.runSuites(TestNG.java:1032)
at org.testng.TestNG.run(TestNG.java:1000)
at org.testng.remote.AbstractRemoteTestNG.run(AbstractRemoteTestNG.java:115)
at org.testng.remote.RemoteTestNG.initAndRun(RemoteTestNG.java:251)
at org.testng.remote.RemoteTestNG.main(RemoteTestNG.java:77)
Caused by: org.openqa.selenium.NoSuchWindowException: no such window: target window already closed
from unknown error: web view not found
  (Session info: MicrosoftEdge=120.0.2210.144)
Build info: version: '3.141.59', revision: 'e82be7d358', time: '2018-11-14T08:17:03'
System info: host: 'DOSENMACHINA', ip: '192.168.1.62', os.name: 'Windows 11', os.arch: 'amd64', os.version: '10.0', java.version: '19.0.1'
Driver info: org.openqa.selenium.edge.EdgeDriver
Capabilities {acceptInsecureCerts: false, browserName: MicrosoftEdge, browserVersion: 120.0.2210.144, fedcm:accounts: true, javascriptEnabled: true, ms:edgeOptions: {debuggerAddress: localhost:53902}, msedge: {msedgedriverVersion: 120.0.2210.91 (f469d579f138..., userDataDir: C:\Users\draga\AppData\Loca...}, networkConnectionEnabled: false, pageLoadStrategy: normal, platform: WINDOWS, platformName: WINDOWS, proxy: Proxy(), setWindowRect: true, strictFileInteractability: false, timeouts: {implicit: 0, pageLoad: 300000, script: 30000}, unhandledPromptBehavior: dismiss and notify, webauthn:extension:credBlob: true, webauthn:extension:largeBlob: true, webauthn:extension:minPinLength: true, webauthn:extension:prf: true, webauthn:virtualAuthenticators: true}
Session ID: f910e0308b89029bfff73e7e7581ff3e
*** Element info: {Using=xpath, value=//*[@id="videoModal"]/div/div/div[3]/button}
at java.base/jdk.internal.reflect.DirectConstructorHandleAccessor.newInstance(DirectConstructorHandleAccessor.java:67)
at java.base/java.lang.reflect.Constructor.newInstanceWithCaller(Constructor.java:500)
at java.base/java.lang.reflect.Constructor.newInstance(Constructor.java:484)
at org.openqa.selenium.remote.http.W3CHttpResponseCodec.createException(W3CHttpResponseCodec.java:187)
at org.openqa.selenium.remote.http.W3CHttpResponseCodec.decode(W3CHttpResponseCodec.java:122)
at org.openqa.selenium.remote.http.W3CHttpResponseCodec.decode(W3CHttpResponseCodec.java:49)
at org.openqa.selenium.remote.HttpCommandExecutor.execute(HttpCommandExecutor.java:158)
at org.openqa.selenium.remote.service.DriverCommandExecutor.execute(DriverCommandExecutor.java:83)
at org.openqa.selenium.remote.RemoteWebDriver.execute(RemoteWebDriver.java:552)
at org.openqa.selenium.remote.RemoteWebDriver.findElement(RemoteWebDriver.java:323)
at org.openqa.selenium.remote.RemoteWebDriver.findElementByXPath(RemoteWebDriver.java:428)
at org.openqa.selenium.By$ByXPath.findElement(By.java:353)
at org.openqa.selenium.remote.RemoteWebDriver.findElement(RemoteWebDriver.java:315)
at org.openqa.selenium.support.ui.ExpectedConditions$7.apply(ExpectedConditions.java:205)
at org.openqa.selenium.support.ui.ExpectedConditions$7.apply(ExpectedConditions.java:201)
at org.openqa.selenium.support.ui.FluentWait.until(FluentWait.java:249)
... 28 more
]]>
            </full-stacktrace>
          </exception> <!-- org.openqa.selenium.TimeoutException -->
          <reporter-output>
            <line>
              <![CDATA[Login to store]]>
            </line>
            <line>
              <![CDATA[Check is logged]]>
            </line>
            <line>
              <![CDATA[Check About us]]>
            </line>
          </reporter-output>
        </test-method> <!-- test_Login_And_Verify -->
      </class> <!-- android.BlazeLoginTest -->
    </test> <!-- A_Tests One -->
    <test started-at="2024-02-04T17:59:29 CET" name="B_Tests Two" finished-at="2024-02-04T17:59:51 CET" duration-ms="21301">
      <class name="android.BlazeFindAndPurchaseTest">
        <test-method signature="test_Find_Purchase()[pri:0, instance:android.BlazeFindAndPurchaseTest@428640fa]" started-at="2024-02-04T17:59:29 CET" name="test_Find_Purchase" finished-at="2024-02-04T17:59:51 CET" duration-ms="21293" status="PASS">
          <reporter-output>
            <line>
              <![CDATA[Set Username]]>
            </line>
            <line>
              <![CDATA[Set Password]]>
            </line>
            <line>
              <![CDATA[Click on Labtops]]>
            </line>
            <line>
              <![CDATA[Find Dell device]]>
            </line>
            <line>
              <![CDATA[Go to chart]]>
            </line>
            <line>
              <![CDATA[Log Out]]>
            </line>
            <line>
              <![CDATA[Verify Log Out]]>
            </line>
          </reporter-output>
        </test-method> <!-- test_Find_Purchase -->
        <test-method is-config="true" signature="setup()[pri:0, instance:android.BlazeFindAndPurchaseTest@428640fa]" started-at="2024-02-04T17:59:29 CET" name="setup" finished-at="2024-02-04T17:59:29 CET" duration-ms="0" status="PASS">
          <reporter-output>
          </reporter-output>
        </test-method> <!-- setup -->
      </class> <!-- android.BlazeFindAndPurchaseTest -->
    </test> <!-- B_Tests Two -->
  </suite> <!-- Suite -->
</testng-results>
